<?xml version="1.0" encoding="UTF-8"?>
<!-- Generated by org.testng.reporters.JUnitXMLReporter -->
<testsuite ignored="0" hostname="GAL000485" failures="0" tests="17" name="Test" time="43.391" errors="0" timestamp="2021-11-19T18:00:38 IST">
  <testcase classname="com.project.testcases.BooksPageTest" name="booksCatAccess" time="0.513"/>
  <testcase classname="com.project.testcases.BooksPageTest" name="booksComicsAccess" time="0.194"/>
  <testcase classname="com.project.testcases.BooksPageTest" name="addBookTocart" time="0.152"/>
  <testcase classname="com.project.testcases.BooksPageTest" name="simpleAlert" time="0.016"/>
  <testcase classname="com.project.testcases.LoginPageTest" name="loginWithValidCredentials" time="5.927"/>
  <testcase classname="com.project.testcases.LoginPageTest" name="loginWithInvalidUserid" time="0.387"/>
  <testcase classname="com.project.testcases.LoginPageTest" name="loginWithInvalidPassword" time="0.419"/>
  <testcase classname="com.project.testcases.LoginPageTest" name="loginWithInvalidUseridOrPassword" time="0.324"/>
  <testcase classname="com.project.testcases.ElectronicsPageTest" name="elecCatAccess" time="0.561"/>
  <testcase classname="com.project.testcases.ElectronicsPageTest" name="elecMobilesAccess" time="0.313"/>
  <testcase classname="com.project.testcases.ElectronicsPageTest" name="prodImagePresent" time="0.135"/>
  <testcase classname="com.project.testcases.ElectronicsPageTest" name="addToWishlist" time="0.275"/>
  <testcase classname="com.project.testcases.FashionPageTest" name="fashionCatAccess" time="0.387"/>
  <testcase classname="com.project.testcases.FashionPageTest" name="fashionFootwearAccess" time="0.256"/>
  <testcase classname="com.project.testcases.FashionPageTest" name="checkProductRating" time="0.076"/>
  <testcase classname="com.project.testcases.FashionPageTest" name="checkMrp" time="0.051"/>
  <testcase classname="com.project.testcases.LoggedOutUserTest" name="clickTrackValidateUrl" time="0.341"/>
</testsuite> <!-- Test -->
