<?xml version="1.0" encoding="UTF-8"?>
<!-- Generated by org.testng.reporters.JUnitXMLReporter -->
<testsuite ignored="0" hostname="GAL000485" failures="0" tests="3" name="Default test" time="30.722" errors="0" timestamp="2021-11-22T17:52:43 IST">
  <testcase classname="com.project.testcases.TrackOrderTest" name="invalidEmail" time="4.938"/>
  <testcase classname="com.project.testcases.TrackOrderTest" name="loggedoutUser" time="2.437"/>
  <testcase classname="com.project.testcases.TrackOrderTest" name="trackingOrder" time="13.972"/>
</testsuite> <!-- Default test -->
