<?xml version="1.0" encoding="UTF-8"?>
<testng-results ignored="0" total="50" passed="50" failed="0" skipped="0">
  <reporter-output>
  </reporter-output>
  <suite started-at="2021-11-22T18:38:51 IST" name="Mini Project Suite" finished-at="2021-11-22T18:43:21 IST" duration-ms="270302">
    <groups>
    </groups>
    <test started-at="2021-11-22T18:38:51 IST" name="Test" finished-at="2021-11-22T18:43:21 IST" duration-ms="270302">
      <class name="com.project.testcases.HomeTest">
        <test-method is-config="true" signature="setUp()[pri:0, instance:com.project.testcases.HomeTest@59505b48]" started-at="2021-11-22T18:39:44 IST" name="setUp" finished-at="2021-11-22T18:40:01 IST" duration-ms="16841" status="PASS">
          <reporter-output>
          </reporter-output>
        </test-method> <!-- setUp -->
        <test-method signature="pageTitle()[pri:1, instance:com.project.testcases.HomeTest@59505b48]" started-at="2021-11-22T18:40:01 IST" name="pageTitle" description="To verify Page Title" finished-at="2021-11-22T18:40:01 IST" duration-ms="256" status="PASS">
          <reporter-output>
          </reporter-output>
        </test-method> <!-- pageTitle -->
        <test-method signature="brandTitleCheck()[pri:2, instance:com.project.testcases.HomeTest@59505b48]" started-at="2021-11-22T18:40:01 IST" name="brandTitleCheck" description="To verify Brand Title" finished-at="2021-11-22T18:40:01 IST" duration-ms="60" status="PASS">
          <reporter-output>
          </reporter-output>
        </test-method> <!-- brandTitleCheck -->
        <test-method signature="smartPhoneScroll()[pri:3, instance:com.project.testcases.HomeTest@59505b48]" started-at="2021-11-22T18:40:01 IST" name="smartPhoneScroll" description="Smartphone display left Scroll" finished-at="2021-11-22T18:40:02 IST" duration-ms="323" status="PASS">
          <reporter-output>
          </reporter-output>
        </test-method> <!-- smartPhoneScroll -->
        <test-method signature="laptopScroll()[pri:4, instance:com.project.testcases.HomeTest@59505b48]" started-at="2021-11-22T18:40:02 IST" name="laptopScroll" description="Laptop display right Scroll" finished-at="2021-11-22T18:40:02 IST" duration-ms="96" status="PASS">
          <reporter-output>
          </reporter-output>
        </test-method> <!-- laptopScroll -->
        <test-method signature="facebookDirect()[pri:5, instance:com.project.testcases.HomeTest@59505b48]" started-at="2021-11-22T18:40:02 IST" name="facebookDirect" description="Facebook social media visibility on Home" finished-at="2021-11-22T18:40:56 IST" duration-ms="54542" status="PASS">
          <reporter-output>
          </reporter-output>
        </test-method> <!-- facebookDirect -->
        <test-method signature="linkedinDirect()[pri:6, instance:com.project.testcases.HomeTest@59505b48]" started-at="2021-11-22T18:40:56 IST" name="linkedinDirect" description="LinkedIn social media visibility on Home" finished-at="2021-11-22T18:40:57 IST" duration-ms="702" status="PASS">
          <reporter-output>
          </reporter-output>
        </test-method> <!-- linkedinDirect -->
        <test-method is-config="true" signature="tearDown()[pri:0, instance:com.project.testcases.HomeTest@59505b48]" started-at="2021-11-22T18:40:57 IST" name="tearDown" finished-at="2021-11-22T18:40:57 IST" duration-ms="122" status="PASS">
          <reporter-output>
          </reporter-output>
        </test-method> <!-- tearDown -->
      </class> <!-- com.project.testcases.HomeTest -->
      <class name="com.project.testcases.LoginTest">
        <test-method is-config="true" signature="setUp()[pri:0, instance:com.project.testcases.LoginTest@4efac082]" started-at="2021-11-22T18:40:57 IST" name="setUp" finished-at="2021-11-22T18:41:13 IST" duration-ms="16120" status="PASS">
          <reporter-output>
          </reporter-output>
        </test-method> <!-- setUp -->
        <test-method signature="loginWithValidCredentials()[pri:1, instance:com.project.testcases.LoginTest@4efac082]" started-at="2021-11-22T18:41:13 IST" name="loginWithValidCredentials" description="login with valid credentials" finished-at="2021-11-22T18:41:17 IST" duration-ms="3684" status="PASS">
          <reporter-output>
          </reporter-output>
        </test-method> <!-- loginWithValidCredentials -->
        <test-method signature="loginWithInvalidUserid()[pri:2, instance:com.project.testcases.LoginTest@4efac082]" started-at="2021-11-22T18:41:17 IST" name="loginWithInvalidUserid" description="login with invalid userid" finished-at="2021-11-22T18:41:18 IST" duration-ms="450" status="PASS">
          <reporter-output>
          </reporter-output>
        </test-method> <!-- loginWithInvalidUserid -->
        <test-method signature="loginWithInvalidPassword()[pri:3, instance:com.project.testcases.LoginTest@4efac082]" started-at="2021-11-22T18:41:18 IST" name="loginWithInvalidPassword" description="login with invalid password" finished-at="2021-11-22T18:41:18 IST" duration-ms="590" status="PASS">
          <reporter-output>
          </reporter-output>
        </test-method> <!-- loginWithInvalidPassword -->
        <test-method signature="loginWithInvalidUseridOrPassword()[pri:4, instance:com.project.testcases.LoginTest@4efac082]" started-at="2021-11-22T18:41:18 IST" name="loginWithInvalidUseridOrPassword" description="login with invalid password and Userid" finished-at="2021-11-22T18:41:19 IST" duration-ms="439" status="PASS">
          <reporter-output>
          </reporter-output>
        </test-method> <!-- loginWithInvalidUseridOrPassword -->
        <test-method is-config="true" signature="tearDown()[pri:0, instance:com.project.testcases.LoginTest@4efac082]" started-at="2021-11-22T18:41:19 IST" name="tearDown" finished-at="2021-11-22T18:41:19 IST" duration-ms="783" status="PASS">
          <reporter-output>
          </reporter-output>
        </test-method> <!-- tearDown -->
      </class> <!-- com.project.testcases.LoginTest -->
      <class name="com.project.testcases.RegistrationTest">
        <test-method is-config="true" signature="setUp()[pri:0, instance:com.project.testcases.RegistrationTest@b9b00e0]" started-at="2021-11-22T18:42:15 IST" name="setUp" finished-at="2021-11-22T18:42:30 IST" duration-ms="15303" status="PASS">
          <reporter-output>
          </reporter-output>
        </test-method> <!-- setUp -->
        <test-method signature="reRegistration()[pri:1, instance:com.project.testcases.RegistrationTest@b9b00e0]" started-at="2021-11-22T18:42:30 IST" name="reRegistration" description="Registration of already register user" finished-at="2021-11-22T18:42:31 IST" duration-ms="743" status="PASS">
          <reporter-output>
          </reporter-output>
        </test-method> <!-- reRegistration -->
        <test-method signature="registration()[pri:1, instance:com.project.testcases.RegistrationTest@b9b00e0]" started-at="2021-11-22T18:42:31 IST" name="registration" description="New Registration" finished-at="2021-11-22T18:42:32 IST" duration-ms="631" status="PASS">
          <reporter-output>
          </reporter-output>
        </test-method> <!-- registration -->
        <test-method is-config="true" signature="tearDown()[pri:0, instance:com.project.testcases.RegistrationTest@b9b00e0]" started-at="2021-11-22T18:42:32 IST" name="tearDown" finished-at="2021-11-22T18:42:32 IST" duration-ms="68" status="PASS">
          <reporter-output>
          </reporter-output>
        </test-method> <!-- tearDown -->
      </class> <!-- com.project.testcases.RegistrationTest -->
      <class name="com.project.testcases.ElectronicsTest">
        <test-method is-config="true" signature="setUp()[pri:0, instance:com.project.testcases.ElectronicsTest@d9345cd]" started-at="2021-11-22T18:39:14 IST" name="setUp" finished-at="2021-11-22T18:39:23 IST" duration-ms="9014" status="PASS">
          <reporter-output>
          </reporter-output>
        </test-method> <!-- setUp -->
        <test-method signature="elecCatAccess()[pri:1, instance:com.project.testcases.ElectronicsTest@d9345cd]" started-at="2021-11-22T18:39:23 IST" name="elecCatAccess" description="To access the Electronics Category" finished-at="2021-11-22T18:39:24 IST" duration-ms="1587" status="PASS">
          <reporter-output>
          </reporter-output>
        </test-method> <!-- elecCatAccess -->
        <test-method signature="elecMobilesAccess()[pri:2, instance:com.project.testcases.ElectronicsTest@d9345cd]" started-at="2021-11-22T18:39:24 IST" name="elecMobilesAccess" description="To access the Mobiles Sub-Category" finished-at="2021-11-22T18:39:24 IST" duration-ms="200" status="PASS">
          <reporter-output>
          </reporter-output>
        </test-method> <!-- elecMobilesAccess -->
        <test-method signature="prodImagePresent()[pri:3, instance:com.project.testcases.ElectronicsTest@d9345cd]" started-at="2021-11-22T18:39:24 IST" name="prodImagePresent" description="Product Image is Visible" finished-at="2021-11-22T18:39:25 IST" duration-ms="78" status="PASS">
          <reporter-output>
          </reporter-output>
        </test-method> <!-- prodImagePresent -->
        <test-method signature="addToWishlist()[pri:4, instance:com.project.testcases.ElectronicsTest@d9345cd]" started-at="2021-11-22T18:39:25 IST" name="addToWishlist" description="To add Mobile to Wishlist" finished-at="2021-11-22T18:39:25 IST" duration-ms="185" status="PASS">
          <reporter-output>
          </reporter-output>
        </test-method> <!-- addToWishlist -->
        <test-method is-config="true" signature="tearDown()[pri:0, instance:com.project.testcases.ElectronicsTest@d9345cd]" started-at="2021-11-22T18:39:25 IST" name="tearDown" finished-at="2021-11-22T18:39:25 IST" duration-ms="100" status="PASS">
          <reporter-output>
          </reporter-output>
        </test-method> <!-- tearDown -->
      </class> <!-- com.project.testcases.ElectronicsTest -->
      <class name="com.project.testcases.WishlistTest">
        <test-method is-config="true" signature="setUp()[pri:0, instance:com.project.testcases.WishlistTest@72e5a8e]" started-at="2021-11-22T18:43:07 IST" name="setUp" finished-at="2021-11-22T18:43:18 IST" duration-ms="11984" status="PASS">
          <reporter-output>
          </reporter-output>
        </test-method> <!-- setUp -->
        <test-method signature="wishlist_button()[pri:1, instance:com.project.testcases.WishlistTest@72e5a8e]" started-at="2021-11-22T18:43:18 IST" name="wishlist_button" description="Click on wishlist button. " finished-at="2021-11-22T18:43:19 IST" duration-ms="188" status="PASS">
          <reporter-output>
          </reporter-output>
        </test-method> <!-- wishlist_button -->
        <test-method signature="clickOnProduct()[pri:2, instance:com.project.testcases.WishlistTest@72e5a8e]" started-at="2021-11-22T18:43:19 IST" name="clickOnProduct" description="Click on product for more details. " finished-at="2021-11-22T18:43:21 IST" duration-ms="2309" status="PASS">
          <reporter-output>
          </reporter-output>
        </test-method> <!-- clickOnProduct -->
        <test-method signature="removeProduct()[pri:3, instance:com.project.testcases.WishlistTest@72e5a8e]" started-at="2021-11-22T18:43:21 IST" name="removeProduct" description="Remove product from wishlist. " finished-at="2021-11-22T18:43:21 IST" duration-ms="64" status="PASS">
          <reporter-output>
          </reporter-output>
        </test-method> <!-- removeProduct -->
        <test-method signature="addToCart()[pri:4, instance:com.project.testcases.WishlistTest@72e5a8e]" started-at="2021-11-22T18:43:21 IST" name="addToCart" description="Add product to cart. " finished-at="2021-11-22T18:43:21 IST" duration-ms="327" status="PASS">
          <reporter-output>
          </reporter-output>
        </test-method> <!-- addToCart -->
        <test-method is-config="true" signature="tearDown()[pri:0, instance:com.project.testcases.WishlistTest@72e5a8e]" started-at="2021-11-22T18:43:21 IST" name="tearDown" finished-at="2021-11-22T18:43:21 IST" duration-ms="77" status="PASS">
          <reporter-output>
          </reporter-output>
        </test-method> <!-- tearDown -->
      </class> <!-- com.project.testcases.WishlistTest -->
      <class name="com.project.testcases.BooksTest">
        <test-method is-config="true" signature="setUp()[pri:0, instance:com.project.testcases.BooksTest@26e356f0]" started-at="2021-11-22T18:38:51 IST" name="setUp" finished-at="2021-11-22T18:39:02 IST" duration-ms="11031" status="PASS">
          <reporter-output>
          </reporter-output>
        </test-method> <!-- setUp -->
        <test-method signature="booksCatAccess()[pri:1, instance:com.project.testcases.BooksTest@26e356f0]" started-at="2021-11-22T18:39:02 IST" name="booksCatAccess" description="To access the Books Category" finished-at="2021-11-22T18:39:03 IST" duration-ms="1065" status="PASS">
          <reporter-output>
          </reporter-output>
        </test-method> <!-- booksCatAccess -->
        <test-method signature="booksComicsAccess()[pri:2, instance:com.project.testcases.BooksTest@26e356f0]" started-at="2021-11-22T18:39:03 IST" name="booksComicsAccess" description="To access the Comic Books Sub-category" finished-at="2021-11-22T18:39:04 IST" duration-ms="203" status="PASS">
          <reporter-output>
          </reporter-output>
        </test-method> <!-- booksComicsAccess -->
        <test-method signature="addBookToCart()[pri:3, instance:com.project.testcases.BooksTest@26e356f0]" started-at="2021-11-22T18:39:04 IST" name="addBookToCart" description="To add the Book to the Cart" finished-at="2021-11-22T18:39:04 IST" duration-ms="167" status="PASS">
          <reporter-output>
          </reporter-output>
        </test-method> <!-- addBookToCart -->
        <test-method signature="simpleAlert()[pri:4, instance:com.project.testcases.BooksTest@26e356f0]" started-at="2021-11-22T18:39:04 IST" name="simpleAlert" description="To display and accept Simple Alert" finished-at="2021-11-22T18:39:04 IST" duration-ms="15" status="PASS">
          <reporter-output>
          </reporter-output>
        </test-method> <!-- simpleAlert -->
        <test-method is-config="true" signature="tearDown()[pri:0, instance:com.project.testcases.BooksTest@26e356f0]" started-at="2021-11-22T18:39:04 IST" name="tearDown" finished-at="2021-11-22T18:39:04 IST" duration-ms="114" status="PASS">
          <reporter-output>
          </reporter-output>
        </test-method> <!-- tearDown -->
      </class> <!-- com.project.testcases.BooksTest -->
      <class name="com.project.testcases.MyCartItemRemovalTest">
        <test-method is-config="true" signature="setUp()[pri:0, instance:com.project.testcases.MyCartItemRemovalTest@48aca48b]" started-at="2021-11-22T18:41:33 IST" name="setUp" finished-at="2021-11-22T18:41:52 IST" duration-ms="19438" status="PASS">
          <reporter-output>
          </reporter-output>
        </test-method> <!-- setUp -->
        <test-method signature="removingItem()[pri:0, instance:com.project.testcases.MyCartItemRemovalTest@48aca48b]" started-at="2021-11-22T18:41:52 IST" name="removingItem" description="For item removal from cart." finished-at="2021-11-22T18:41:57 IST" duration-ms="5408" status="PASS">
          <reporter-output>
          </reporter-output>
        </test-method> <!-- removingItem -->
        <test-method is-config="true" signature="tearDown()[pri:0, instance:com.project.testcases.MyCartItemRemovalTest@48aca48b]" started-at="2021-11-22T18:41:57 IST" name="tearDown" finished-at="2021-11-22T18:41:58 IST" duration-ms="247" status="PASS">
          <reporter-output>
          </reporter-output>
        </test-method> <!-- tearDown -->
      </class> <!-- com.project.testcases.MyCartItemRemovalTest -->
      <class name="com.project.testcases.MyCartAddressTest">
        <test-method is-config="true" signature="setUp()[pri:0, instance:com.project.testcases.MyCartAddressTest@6bd61f98]" started-at="2021-11-22T18:41:19 IST" name="setUp" finished-at="2021-11-22T18:41:29 IST" duration-ms="9885" status="PASS">
          <reporter-output>
          </reporter-output>
        </test-method> <!-- setUp -->
        <test-method signature="billingAddUpdation()[pri:1, instance:com.project.testcases.MyCartAddressTest@6bd61f98]" started-at="2021-11-22T18:41:29 IST" name="billingAddUpdation" description="For checking updation of billing address." finished-at="2021-11-22T18:41:32 IST" duration-ms="2544" status="PASS">
          <reporter-output>
          </reporter-output>
        </test-method> <!-- billingAddUpdation -->
        <test-method signature="shippingAddUpdation()[pri:2, instance:com.project.testcases.MyCartAddressTest@6bd61f98]" started-at="2021-11-22T18:41:32 IST" name="shippingAddUpdation" description="For checking updation of shipping address." finished-at="2021-11-22T18:41:32 IST" duration-ms="622" status="PASS">
          <reporter-output>
          </reporter-output>
        </test-method> <!-- shippingAddUpdation -->
        <test-method is-config="true" signature="tearDown()[pri:0, instance:com.project.testcases.MyCartAddressTest@6bd61f98]" started-at="2021-11-22T18:41:32 IST" name="tearDown" finished-at="2021-11-22T18:41:33 IST" duration-ms="156" status="PASS">
          <reporter-output>
          </reporter-output>
        </test-method> <!-- tearDown -->
      </class> <!-- com.project.testcases.MyCartAddressTest -->
      <class name="com.project.testcases.TrackOrderTest">
        <test-method is-config="true" signature="setUp()[pri:0, instance:com.project.testcases.TrackOrderTest@7d4f9aae]" started-at="2021-11-22T18:42:49 IST" name="setUp" finished-at="2021-11-22T18:43:03 IST" duration-ms="13824" status="PASS">
          <reporter-output>
          </reporter-output>
        </test-method> <!-- setUp -->
        <test-method signature="invalidEmail()[pri:1, instance:com.project.testcases.TrackOrderTest@7d4f9aae]" started-at="2021-11-22T18:43:03 IST" name="invalidEmail" description="For checking that on giving invalid email id error message." finished-at="2021-11-22T18:43:05 IST" duration-ms="1774" status="PASS">
          <reporter-output>
          </reporter-output>
        </test-method> <!-- invalidEmail -->
        <test-method signature="loggedoutUser()[pri:2, instance:com.project.testcases.TrackOrderTest@7d4f9aae]" started-at="2021-11-22T18:43:05 IST" name="loggedoutUser" description="For checking that logged user is able to track order status or not." finished-at="2021-11-22T18:43:05 IST" duration-ms="508" status="PASS">
          <reporter-output>
          </reporter-output>
        </test-method> <!-- loggedoutUser -->
        <test-method signature="trackingOrder()[pri:3, instance:com.project.testcases.TrackOrderTest@7d4f9aae]" started-at="2021-11-22T18:43:05 IST" name="trackingOrder" description="For tracking the order status." finished-at="2021-11-22T18:43:06 IST" duration-ms="1349" status="PASS">
          <reporter-output>
          </reporter-output>
        </test-method> <!-- trackingOrder -->
        <test-method is-config="true" signature="tearDown()[pri:0, instance:com.project.testcases.TrackOrderTest@7d4f9aae]" started-at="2021-11-22T18:43:06 IST" name="tearDown" finished-at="2021-11-22T18:43:07 IST" duration-ms="90" status="PASS">
          <reporter-output>
          </reporter-output>
        </test-method> <!-- tearDown -->
      </class> <!-- com.project.testcases.TrackOrderTest -->
      <class name="com.project.testcases.SearchTest">
        <test-method is-config="true" signature="setUp()[pri:0, instance:com.project.testcases.SearchTest@506ae4d4]" started-at="2021-11-22T18:42:32 IST" name="setUp" finished-at="2021-11-22T18:42:46 IST" duration-ms="14147" status="PASS">
          <reporter-output>
          </reporter-output>
        </test-method> <!-- setUp -->
        <test-method signature="SearchValidTest()[pri:1, instance:com.project.testcases.SearchTest@506ae4d4]" started-at="2021-11-22T18:42:46 IST" name="SearchValidTest" description="To verify Product is visible with valid Search Data" finished-at="2021-11-22T18:42:48 IST" duration-ms="1940" status="PASS">
          <reporter-output>
          </reporter-output>
        </test-method> <!-- SearchValidTest -->
        <test-method signature="SearchPartialTest()[pri:2, instance:com.project.testcases.SearchTest@506ae4d4]" started-at="2021-11-22T18:42:48 IST" name="SearchPartialTest" description="To verify Product is visible with partially valid Search Data" finished-at="2021-11-22T18:42:48 IST" duration-ms="553" status="PASS">
          <reporter-output>
          </reporter-output>
        </test-method> <!-- SearchPartialTest -->
        <test-method signature="SearchInvalidTest()[pri:3, instance:com.project.testcases.SearchTest@506ae4d4]" started-at="2021-11-22T18:42:48 IST" name="SearchInvalidTest" description="To verify No Product Found is displayed with invalid Search Data" finished-at="2021-11-22T18:42:49 IST" duration-ms="305" status="PASS">
          <reporter-output>
          </reporter-output>
        </test-method> <!-- SearchInvalidTest -->
        <test-method is-config="true" signature="tearDown()[pri:0, instance:com.project.testcases.SearchTest@506ae4d4]" started-at="2021-11-22T18:42:49 IST" name="tearDown" finished-at="2021-11-22T18:42:49 IST" duration-ms="202" status="PASS">
          <reporter-output>
          </reporter-output>
        </test-method> <!-- tearDown -->
      </class> <!-- com.project.testcases.SearchTest -->
      <class name="com.project.testcases.FurnitureTest">
        <test-method is-config="true" signature="setUp()[pri:0, instance:com.project.testcases.FurnitureTest@29215f06]" started-at="2021-11-22T18:39:33 IST" name="setUp" finished-at="2021-11-22T18:39:43 IST" duration-ms="9154" status="PASS">
          <reporter-output>
          </reporter-output>
        </test-method> <!-- setUp -->
        <test-method signature="furnitureCatAccess()[pri:1, instance:com.project.testcases.FurnitureTest@29215f06]" started-at="2021-11-22T18:39:43 IST" name="furnitureCatAccess" description="To access the Furniture Category" finished-at="2021-11-22T18:39:44 IST" duration-ms="1094" status="PASS">
          <reporter-output>
          </reporter-output>
        </test-method> <!-- furnitureCatAccess -->
        <test-method signature="furnitureBedAccess()[pri:2, instance:com.project.testcases.FurnitureTest@29215f06]" started-at="2021-11-22T18:39:44 IST" name="furnitureBedAccess" description="To access the Beds Furniture&#039;s Sub-category" finished-at="2021-11-22T18:39:44 IST" duration-ms="169" status="PASS">
          <reporter-output>
          </reporter-output>
        </test-method> <!-- furnitureBedAccess -->
        <test-method signature="checkProductRating()[pri:3, instance:com.project.testcases.FurnitureTest@29215f06]" started-at="2021-11-22T18:39:44 IST" name="checkProductRating" description="To check Product Rating of any Product is visible" finished-at="2021-11-22T18:39:44 IST" duration-ms="65" status="PASS">
          <reporter-output>
          </reporter-output>
        </test-method> <!-- checkProductRating -->
        <test-method signature="bedsCatMouseHover()[pri:4, instance:com.project.testcases.FurnitureTest@29215f06]" started-at="2021-11-22T18:39:44 IST" name="bedsCatMouseHover" description="To check Color change on MOuse Hover is visible" finished-at="2021-11-22T18:39:44 IST" duration-ms="326" status="PASS">
          <reporter-output>
          </reporter-output>
        </test-method> <!-- bedsCatMouseHover -->
        <test-method is-config="true" signature="tearDown()[pri:0, instance:com.project.testcases.FurnitureTest@29215f06]" started-at="2021-11-22T18:39:44 IST" name="tearDown" finished-at="2021-11-22T18:39:44 IST" duration-ms="73" status="PASS">
          <reporter-output>
          </reporter-output>
        </test-method> <!-- tearDown -->
      </class> <!-- com.project.testcases.FurnitureTest -->
      <class name="com.project.testcases.FashionTest">
        <test-method is-config="true" signature="setUp()[pri:0, instance:com.project.testcases.FashionTest@2d710f1a]" started-at="2021-11-22T18:39:25 IST" name="setUp" finished-at="2021-11-22T18:39:32 IST" duration-ms="7544" status="PASS">
          <reporter-output>
          </reporter-output>
        </test-method> <!-- setUp -->
        <test-method signature="fashionCatAccess()[pri:1, instance:com.project.testcases.FashionTest@2d710f1a]" started-at="2021-11-22T18:39:32 IST" name="fashionCatAccess" description="To access the Fashion Category" finished-at="2021-11-22T18:39:33 IST" duration-ms="518" status="PASS">
          <reporter-output>
          </reporter-output>
        </test-method> <!-- fashionCatAccess -->
        <test-method signature="fashionFootwearAccess()[pri:2, instance:com.project.testcases.FashionTest@2d710f1a]" started-at="2021-11-22T18:39:33 IST" name="fashionFootwearAccess" description="To access the Footwear Fashion&#039;s Sub-category" finished-at="2021-11-22T18:39:33 IST" duration-ms="224" status="PASS">
          <reporter-output>
          </reporter-output>
        </test-method> <!-- fashionFootwearAccess -->
        <test-method signature="checkProductRating()[pri:3, instance:com.project.testcases.FashionTest@2d710f1a]" started-at="2021-11-22T18:39:33 IST" name="checkProductRating" description="To check Product Rating of any Product is visible" finished-at="2021-11-22T18:39:33 IST" duration-ms="90" status="PASS">
          <reporter-output>
          </reporter-output>
        </test-method> <!-- checkProductRating -->
        <test-method signature="checkMrp()[pri:4, instance:com.project.testcases.FashionTest@2d710f1a]" started-at="2021-11-22T18:39:33 IST" name="checkMrp" description="To check MRP of any Product is visible" finished-at="2021-11-22T18:39:33 IST" duration-ms="49" status="PASS">
          <reporter-output>
          </reporter-output>
        </test-method> <!-- checkMrp -->
        <test-method is-config="true" signature="tearDown()[pri:0, instance:com.project.testcases.FashionTest@2d710f1a]" started-at="2021-11-22T18:39:33 IST" name="tearDown" finished-at="2021-11-22T18:39:33 IST" duration-ms="157" status="PASS">
          <reporter-output>
          </reporter-output>
        </test-method> <!-- tearDown -->
      </class> <!-- com.project.testcases.FashionTest -->
      <class name="com.project.testcases.MyCartTest">
        <test-method is-config="true" signature="setUp()[pri:0, instance:com.project.testcases.MyCartTest@13fd2ccd]" started-at="2021-11-22T18:41:58 IST" name="setUp" finished-at="2021-11-22T18:42:12 IST" duration-ms="14028" status="PASS">
          <reporter-output>
          </reporter-output>
        </test-method> <!-- setUp -->
        <test-method signature="AddToCart()[pri:1, instance:com.project.testcases.MyCartTest@13fd2ccd]" started-at="2021-11-22T18:42:12 IST" name="AddToCart" description="Add product to cart" finished-at="2021-11-22T18:42:13 IST" duration-ms="1081" status="PASS">
          <reporter-output>
          </reporter-output>
        </test-method> <!-- AddToCart -->
        <test-method signature="quantityUpdate()[pri:2, instance:com.project.testcases.MyCartTest@13fd2ccd]" started-at="2021-11-22T18:42:13 IST" name="quantityUpdate" description="Quantity update checking" finished-at="2021-11-22T18:42:13 IST" duration-ms="308" status="PASS">
          <reporter-output>
          </reporter-output>
        </test-method> <!-- quantityUpdate -->
        <test-method signature="textTitleButtonVerification()[pri:3, instance:com.project.testcases.MyCartTest@13fd2ccd]" started-at="2021-11-22T18:42:13 IST" name="textTitleButtonVerification" description="Basic Fuctionality ckeck" finished-at="2021-11-22T18:42:13 IST" duration-ms="393" status="PASS">
          <reporter-output>
          </reporter-output>
        </test-method> <!-- textTitleButtonVerification -->
        <test-method signature="descriptionCheck()[pri:4, instance:com.project.testcases.MyCartTest@13fd2ccd]" started-at="2021-11-22T18:42:13 IST" name="descriptionCheck" description="For checking description of product" finished-at="2021-11-22T18:42:14 IST" duration-ms="546" status="PASS">
          <reporter-output>
          </reporter-output>
        </test-method> <!-- descriptionCheck -->
        <test-method signature="reviewCheck()[pri:5, instance:com.project.testcases.MyCartTest@13fd2ccd]" started-at="2021-11-22T18:42:14 IST" name="reviewCheck" description="To send and check the review of product" finished-at="2021-11-22T18:42:15 IST" duration-ms="898" status="PASS">
          <reporter-output>
          </reporter-output>
        </test-method> <!-- reviewCheck -->
        <test-method is-config="true" signature="tearDown()[pri:0, instance:com.project.testcases.MyCartTest@13fd2ccd]" started-at="2021-11-22T18:42:15 IST" name="tearDown" finished-at="2021-11-22T18:42:15 IST" duration-ms="158" status="PASS">
          <reporter-output>
          </reporter-output>
        </test-method> <!-- tearDown -->
      </class> <!-- com.project.testcases.MyCartTest -->
      <class name="com.project.testcases.CartHomeTest">
        <test-method is-config="true" signature="setUp()[pri:0, instance:com.project.testcases.CartHomeTest@428640fa]" started-at="2021-11-22T18:39:04 IST" name="setUp" finished-at="2021-11-22T18:39:11 IST" duration-ms="7281" status="PASS">
          <reporter-output>
          </reporter-output>
        </test-method> <!-- setUp -->
        <test-method signature="addToCart()[pri:1, instance:com.project.testcases.CartHomeTest@428640fa]" started-at="2021-11-22T18:39:11 IST" name="addToCart" description="Add a Book to Cart" finished-at="2021-11-22T18:39:12 IST" duration-ms="1379" status="PASS">
          <reporter-output>
          </reporter-output>
        </test-method> <!-- addToCart -->
        <test-method signature="myCartValue()[pri:2, instance:com.project.testcases.CartHomeTest@428640fa]" started-at="2021-11-22T18:39:12 IST" name="myCartValue" description="Cart total value display on Home Page" finished-at="2021-11-22T18:39:13 IST" duration-ms="289" status="PASS">
          <reporter-output>
          </reporter-output>
        </test-method> <!-- myCartValue -->
        <test-method signature="dropDownDisplayed()[pri:3, instance:com.project.testcases.CartHomeTest@428640fa]" started-at="2021-11-22T18:39:13 IST" name="dropDownDisplayed" description="Drop Down List of Products in the Cart on Home Page" finished-at="2021-11-22T18:39:13 IST" duration-ms="42" status="PASS">
          <reporter-output>
          </reporter-output>
        </test-method> <!-- dropDownDisplayed -->
        <test-method signature="myCartColourChange()[pri:4, instance:com.project.testcases.CartHomeTest@428640fa]" started-at="2021-11-22T18:39:13 IST" name="myCartColourChange" description="My Cart colour change on Mouse Hovering" finished-at="2021-11-22T18:39:14 IST" duration-ms="779" status="PASS">
          <reporter-output>
          </reporter-output>
        </test-method> <!-- myCartColourChange -->
        <test-method is-config="true" signature="tearDown()[pri:0, instance:com.project.testcases.CartHomeTest@428640fa]" started-at="2021-11-22T18:39:14 IST" name="tearDown" finished-at="2021-11-22T18:39:14 IST" duration-ms="78" status="PASS">
          <reporter-output>
          </reporter-output>
        </test-method> <!-- tearDown -->
      </class> <!-- com.project.testcases.CartHomeTest -->
    </test> <!-- Test -->
  </suite> <!-- Mini Project Suite -->
</testng-results>
