<?xml version="1.0" encoding="UTF-8"?>
<!-- Generated by org.testng.reporters.JUnitXMLReporter -->
<testsuite ignored="0" hostname="GAL000485" failures="0" tests="50" name="Test" time="270.302" errors="0" timestamp="2021-11-22T18:43:22 IST">
  <testcase classname="com.project.testcases.BooksTest" name="booksCatAccess" time="1.065"/>
  <testcase classname="com.project.testcases.BooksTest" name="booksComicsAccess" time="0.203"/>
  <testcase classname="com.project.testcases.BooksTest" name="addBookToCart" time="0.167"/>
  <testcase classname="com.project.testcases.BooksTest" name="simpleAlert" time="0.015"/>
  <testcase classname="com.project.testcases.CartHomeTest" name="addToCart" time="1.379"/>
  <testcase classname="com.project.testcases.CartHomeTest" name="myCartValue" time="0.289"/>
  <testcase classname="com.project.testcases.CartHomeTest" name="dropDownDisplayed" time="0.042"/>
  <testcase classname="com.project.testcases.CartHomeTest" name="myCartColourChange" time="0.779"/>
  <testcase classname="com.project.testcases.ElectronicsTest" name="elecCatAccess" time="1.587"/>
  <testcase classname="com.project.testcases.ElectronicsTest" name="elecMobilesAccess" time="0.2"/>
  <testcase classname="com.project.testcases.ElectronicsTest" name="prodImagePresent" time="0.078"/>
  <testcase classname="com.project.testcases.ElectronicsTest" name="addToWishlist" time="0.185"/>
  <testcase classname="com.project.testcases.FashionTest" name="fashionCatAccess" time="0.518"/>
  <testcase classname="com.project.testcases.FashionTest" name="fashionFootwearAccess" time="0.224"/>
  <testcase classname="com.project.testcases.FashionTest" name="checkProductRating" time="0.09"/>
  <testcase classname="com.project.testcases.FashionTest" name="checkMrp" time="0.049"/>
  <testcase classname="com.project.testcases.FurnitureTest" name="furnitureCatAccess" time="1.094"/>
  <testcase classname="com.project.testcases.FurnitureTest" name="furnitureBedAccess" time="0.169"/>
  <testcase classname="com.project.testcases.FurnitureTest" name="checkProductRating" time="0.065"/>
  <testcase classname="com.project.testcases.FurnitureTest" name="bedsCatMouseHover" time="0.326"/>
  <testcase classname="com.project.testcases.HomeTest" name="pageTitle" time="0.256"/>
  <testcase classname="com.project.testcases.HomeTest" name="brandTitleCheck" time="0.06"/>
  <testcase classname="com.project.testcases.HomeTest" name="smartPhoneScroll" time="0.323"/>
  <testcase classname="com.project.testcases.HomeTest" name="laptopScroll" time="0.096"/>
  <testcase classname="com.project.testcases.HomeTest" name="facebookDirect" time="54.542"/>
  <testcase classname="com.project.testcases.HomeTest" name="linkedinDirect" time="0.702"/>
  <testcase classname="com.project.testcases.LoginTest" name="loginWithValidCredentials" time="3.684"/>
  <testcase classname="com.project.testcases.LoginTest" name="loginWithInvalidUserid" time="0.45"/>
  <testcase classname="com.project.testcases.LoginTest" name="loginWithInvalidPassword" time="0.59"/>
  <testcase classname="com.project.testcases.LoginTest" name="loginWithInvalidUseridOrPassword" time="0.439"/>
  <testcase classname="com.project.testcases.MyCartAddressTest" name="billingAddUpdation" time="2.544"/>
  <testcase classname="com.project.testcases.MyCartAddressTest" name="shippingAddUpdation" time="0.622"/>
  <testcase classname="com.project.testcases.MyCartItemRemovalTest" name="removingItem" time="5.408"/>
  <testcase classname="com.project.testcases.MyCartTest" name="AddToCart" time="1.081"/>
  <testcase classname="com.project.testcases.MyCartTest" name="quantityUpdate" time="0.308"/>
  <testcase classname="com.project.testcases.MyCartTest" name="textTitleButtonVerification" time="0.393"/>
  <testcase classname="com.project.testcases.MyCartTest" name="descriptionCheck" time="0.546"/>
  <testcase classname="com.project.testcases.MyCartTest" name="reviewCheck" time="0.898"/>
  <testcase classname="com.project.testcases.RegistrationTest" name="reRegistration" time="0.743"/>
  <testcase classname="com.project.testcases.RegistrationTest" name="registration" time="0.631"/>
  <testcase classname="com.project.testcases.SearchTest" name="SearchValidTest" time="1.94"/>
  <testcase classname="com.project.testcases.SearchTest" name="SearchPartialTest" time="0.553"/>
  <testcase classname="com.project.testcases.SearchTest" name="SearchInvalidTest" time="0.305"/>
  <testcase classname="com.project.testcases.TrackOrderTest" name="invalidEmail" time="1.774"/>
  <testcase classname="com.project.testcases.TrackOrderTest" name="loggedoutUser" time="0.508"/>
  <testcase classname="com.project.testcases.TrackOrderTest" name="trackingOrder" time="1.349"/>
  <testcase classname="com.project.testcases.WishlistTest" name="wishlist_button" time="0.188"/>
  <testcase classname="com.project.testcases.WishlistTest" name="clickOnProduct" time="2.309"/>
  <testcase classname="com.project.testcases.WishlistTest" name="removeProduct" time="0.064"/>
  <testcase classname="com.project.testcases.WishlistTest" name="addToCart" time="0.327"/>
</testsuite> <!-- Test -->
