<?xml version="1.0" encoding="UTF-8"?>
<!-- Generated by org.testng.reporters.JUnitXMLReporter -->
<testsuite ignored="0" hostname="GAL000485" failures="0" tests="50" name="Test" time="112.336" errors="0" timestamp="2021-11-22T12:12:11 IST">
  <testcase classname="com.project.testcases.BooksTest" name="booksCatAccess" time="1.207"/>
  <testcase classname="com.project.testcases.BooksTest" name="booksComicsAccess" time="0.17"/>
  <testcase classname="com.project.testcases.BooksTest" name="addBookToCart" time="0.133"/>
  <testcase classname="com.project.testcases.BooksTest" name="simpleAlert" time="0.015"/>
  <testcase classname="com.project.testcases.CartHomeTest" name="addToCart" time="0.607"/>
  <testcase classname="com.project.testcases.CartHomeTest" name="myCartValue" time="0.24"/>
  <testcase classname="com.project.testcases.CartHomeTest" name="dropDownDisplayed" time="0.05"/>
  <testcase classname="com.project.testcases.CartHomeTest" name="myCartColourChange" time="1.667"/>
  <testcase classname="com.project.testcases.ElectronicsTest" name="elecCatAccess" time="0.33"/>
  <testcase classname="com.project.testcases.ElectronicsTest" name="elecMobilesAccess" time="0.199"/>
  <testcase classname="com.project.testcases.ElectronicsTest" name="prodImagePresent" time="0.06"/>
  <testcase classname="com.project.testcases.ElectronicsTest" name="addToWishlist" time="0.189"/>
  <testcase classname="com.project.testcases.FashionTest" name="fashionCatAccess" time="0.382"/>
  <testcase classname="com.project.testcases.FashionTest" name="fashionFootwearAccess" time="0.157"/>
  <testcase classname="com.project.testcases.FashionTest" name="checkProductRating" time="0.075"/>
  <testcase classname="com.project.testcases.FashionTest" name="checkMrp" time="0.045"/>
  <testcase classname="com.project.testcases.FurnitureTest" name="furnitureCatAccess" time="0.383"/>
  <testcase classname="com.project.testcases.FurnitureTest" name="furnitureBedAccess" time="0.25"/>
  <testcase classname="com.project.testcases.FurnitureTest" name="checkProductRating" time="0.088"/>
  <testcase classname="com.project.testcases.FurnitureTest" name="bedsCatMouseHover" time="0.471"/>
  <testcase classname="com.project.testcases.HomeTest" name="pageTitle" time="0.234"/>
  <testcase classname="com.project.testcases.HomeTest" name="brandTitleCheck" time="0.06"/>
  <testcase classname="com.project.testcases.HomeTest" name="smartPhoneScroll" time="0.316"/>
  <testcase classname="com.project.testcases.HomeTest" name="laptopScroll" time="0.08"/>
  <testcase classname="com.project.testcases.HomeTest" name="facebookDirect" time="4.997"/>
  <testcase classname="com.project.testcases.HomeTest" name="linkedinDirect" time="0.608"/>
  <testcase classname="com.project.testcases.LoginTest" name="loginWithValidCredentials" time="1.157"/>
  <testcase classname="com.project.testcases.LoginTest" name="loginWithInvalidUserid" time="0.474"/>
  <testcase classname="com.project.testcases.LoginTest" name="loginWithInvalidPassword" time="0.523"/>
  <testcase classname="com.project.testcases.LoginTest" name="loginWithInvalidUseridOrPassword" time="0.369"/>
  <testcase classname="com.project.testcases.MyCartAddressTest" name="billingAddUpdation" time="1.008"/>
  <testcase classname="com.project.testcases.MyCartAddressTest" name="shippingAddUpdation" time="0.509"/>
  <testcase classname="com.project.testcases.MyCartItemRemovalTest" name="removingItem" time="0.884"/>
  <testcase classname="com.project.testcases.MyCartTest" name="AddToCart" time="0.492"/>
  <testcase classname="com.project.testcases.MyCartTest" name="quantityUpdate" time="0.274"/>
  <testcase classname="com.project.testcases.MyCartTest" name="textTitleButtonVerification" time="0.341"/>
  <testcase classname="com.project.testcases.MyCartTest" name="descriptionCheck" time="0.448"/>
  <testcase classname="com.project.testcases.MyCartTest" name="reviewCheck" time="0.745"/>
  <testcase classname="com.project.testcases.RegistrationTest" name="registration" time="0.61"/>
  <testcase classname="com.project.testcases.RegistrationTest" name="reRegistration" time="0.439"/>
  <testcase classname="com.project.testcases.SearchTest" name="SearchValidTest" time="0.914"/>
  <testcase classname="com.project.testcases.SearchTest" name="SearchPartialTest" time="0.478"/>
  <testcase classname="com.project.testcases.SearchTest" name="SearchInvalidTest" time="0.24"/>
  <testcase classname="com.project.testcases.TrackOrderTest" name="invalidEmail" time="0.816"/>
  <testcase classname="com.project.testcases.TrackOrderTest" name="loggedoutUser" time="0.446"/>
  <testcase classname="com.project.testcases.TrackOrderTest" name="trackingOrder" time="1.042"/>
  <testcase classname="com.project.testcases.WishlistTest" name="wishlist_button" time="0.168"/>
  <testcase classname="com.project.testcases.WishlistTest" name="clickOnProduct" time="0.476"/>
  <testcase classname="com.project.testcases.WishlistTest" name="removeProduct" time="0.056"/>
  <testcase classname="com.project.testcases.WishlistTest" name="addToCart" time="0.236"/>
</testsuite> <!-- Test -->
